2018-04-30 08:31:21,052 - HourRegistration - INFO - DataBase Connection Made
2018-04-30 08:43:41,963 - HourRegistration - INFO - DataBase Connection Made
2018-04-30 08:46:05,304 - HourRegistration - INFO - DataBase Connection Made
2018-04-30 08:46:45,624 - HourRegistration - INFO - DataBase Connection Made
2018-04-30 08:46:57,548 - HourRegistration - INFO - DataBase Connection Made
2018-04-30 08:47:10,391 - HourRegistration - INFO - DataBase Connection Made
2018-04-30 08:47:52,870 - HourRegistration - INFO - DataBase Connection Made
2018-04-30 08:49:18,529 - HourRegistration - INFO - DataBase Connection Made
2018-04-30 08:49:31,289 - HourRegistration - INFO - DataBase Connection Made
2018-04-30 09:12:45,575 - HourRegistration - INFO - DataBase Connection Made
2018-04-30 09:13:30,910 - HourRegistration - INFO - DataBase Connection Made
2018-04-30 09:21:21,593 - HourRegistration - INFO - DataBase Connection Made
2018-04-30 09:21:42,816 - HourRegistration - INFO - DataBase Connection Made
2018-04-30 09:21:50,289 - HourRegistration - INFO - DataBase Connection Made
2018-04-30 09:22:29,361 - HourRegistration - INFO - DataBase Connection Made
2018-04-30 09:23:28,595 - HourRegistration - INFO - DataBase Connection Made
2018-04-30 09:23:38,224 - HourRegistration - INFO - DataBase Connection Made
2018-04-30 09:24:01,651 - HourRegistration - INFO - DataBase Connection Made
2018-04-30 09:24:32,832 - HourRegistration - INFO - DataBase Connection Made
2018-04-30 09:28:17,668 - HourRegistration - INFO - DataBase Connection Made
2018-05-05 16:23:15,368 - HourRegistration - INFO - DataBase Connection Made
2018-05-05 16:24:05,751 - HourRegistration - INFO - DataBase Connection Made
2018-05-05 16:24:07,408 - HourRegistration - INFO - DataBase Connection Closed
2018-05-05 17:01:20,876 - HourRegistration - INFO - DataBase Connection Made
2018-05-05 17:01:24,429 - HourRegistration - ERROR - name 'Conn' is not defined
2018-05-05 17:01:24,437 - HourRegistration - INFO - DataBase Connection Closed
2018-05-05 17:02:53,279 - HourRegistration - INFO - DataBase Connection Made
2018-05-05 17:02:54,934 - HourRegistration - ERROR - 'DataBaseConnection' object has no attribute 'execute'
2018-05-05 17:02:54,957 - HourRegistration - INFO - DataBase Connection Closed
2018-05-05 17:03:40,791 - HourRegistration - INFO - DataBase Connection Made
2018-05-05 17:03:42,526 - HourRegistration - ERROR - 'DataBaseConnection' object has no attribute 'Cursor'
2018-05-05 17:03:42,539 - HourRegistration - INFO - DataBase Connection Closed
2018-05-05 17:04:01,532 - HourRegistration - INFO - DataBase Connection Made
2018-05-05 17:04:03,167 - HourRegistration - ERROR - 'DataBaseConnection' object has no attribute 'cursor'
2018-05-05 17:04:03,187 - HourRegistration - INFO - DataBase Connection Closed
2018-05-05 17:04:32,030 - HourRegistration - INFO - DataBase Connection Made
2018-05-05 17:04:33,532 - HourRegistration - ERROR - 'DataBaseConnection' object has no attribute 'cursor'
2018-05-05 17:04:33,532 - HourRegistration - INFO - DataBase Connection Closed
2018-05-05 17:05:59,820 - HourRegistration - INFO - DataBase Connection Made
2018-05-05 17:06:01,251 - HourRegistration - ERROR - no such table: tblProject
2018-05-05 17:06:01,256 - HourRegistration - INFO - DataBase Connection Closed
2018-05-05 17:07:09,272 - HourRegistration - INFO - DataBase Connection Made
2018-05-05 17:07:10,526 - HourRegistration - INFO - DataBase Connection Closed
2018-05-05 17:07:22,365 - HourRegistration - INFO - DataBase Connection Made
2018-05-05 17:07:29,190 - HourRegistration - INFO - DataBase Connection Closed
2018-05-05 17:11:28,447 - HourRegistration - INFO - DataBase Connection Made
2018-05-05 17:11:30,266 - HourRegistration - INFO - DataBase Connection Closed
2018-05-05 17:12:00,511 - HourRegistration - INFO - DataBase Connection Made
2018-05-05 17:12:02,858 - HourRegistration - INFO - DataBase Connection Closed
2018-05-05 17:13:35,041 - HourRegistration - INFO - DataBase Connection Made
2018-05-05 17:13:36,988 - HourRegistration - INFO - DataBase Connection Closed
2018-05-05 17:14:18,267 - HourRegistration - INFO - DataBase Connection Made
2018-05-05 17:14:19,838 - HourRegistration - INFO - DataBase Connection Closed
2018-05-05 17:14:33,621 - HourRegistration - INFO - DataBase Connection Made
2018-05-05 17:16:22,337 - HourRegistration - INFO - DataBase Connection Made
2018-05-05 17:16:57,924 - HourRegistration - INFO - DataBase Connection Made
2018-05-05 17:17:14,688 - HourRegistration - INFO - DataBase Connection Made
2018-05-05 17:17:16,253 - HourRegistration - INFO - DataBase Connection Closed
2018-05-05 17:27:28,461 - HourRegistration - INFO - DataBase Connection Made
2018-05-05 17:27:30,666 - HourRegistration - ERROR - module 'BusinessEntities' has no attribute 'Project'
2018-05-05 17:27:30,671 - HourRegistration - INFO - DataBase Connection Closed
2018-05-05 17:29:04,514 - HourRegistration - INFO - DataBase Connection Made
2018-05-05 17:29:05,911 - HourRegistration - ERROR - 'tuple' object is not callable
2018-05-05 17:29:05,914 - HourRegistration - INFO - DataBase Connection Closed
2018-05-05 17:29:17,492 - HourRegistration - INFO - DataBase Connection Made
2018-05-05 17:29:18,447 - HourRegistration - ERROR - 'tuple' object is not callable
2018-05-05 17:29:18,467 - HourRegistration - INFO - DataBase Connection Closed
2018-05-05 17:29:44,835 - HourRegistration - INFO - DataBase Connection Made
2018-05-05 17:29:47,040 - HourRegistration - ERROR - 'tuple' object is not callable
2018-05-05 17:29:47,051 - HourRegistration - INFO - DataBase Connection Closed
2018-05-05 17:34:21,142 - HourRegistration - INFO - DataBase Connection Made
2018-05-05 17:34:22,742 - HourRegistration - ERROR - 'tuple' object is not callable
2018-05-05 17:34:22,744 - HourRegistration - INFO - DataBase Connection Closed
2018-05-05 17:34:40,148 - HourRegistration - INFO - DataBase Connection Made
2018-05-05 17:34:41,443 - HourRegistration - ERROR - 'tuple' object is not callable
2018-05-05 17:34:41,446 - HourRegistration - INFO - DataBase Connection Closed
2018-05-05 17:35:15,628 - HourRegistration - INFO - DataBase Connection Made
2018-05-05 17:35:16,976 - HourRegistration - INFO - DataBase Connection Closed
2018-05-05 17:35:32,724 - HourRegistration - INFO - DataBase Connection Made
2018-05-05 17:35:33,862 - HourRegistration - ERROR - 'Project' object has no attribute 'Description'
2018-05-05 17:35:33,867 - HourRegistration - INFO - DataBase Connection Closed
2018-05-05 17:36:04,079 - HourRegistration - INFO - DataBase Connection Made
2018-05-05 17:36:06,467 - HourRegistration - INFO - DataBase Connection Closed
2018-05-05 18:08:43,333 - HourRegistration - INFO - DataBase Connection Made
2018-05-05 18:08:43,343 - HourRegistration - ERROR - name 'FillProjectCombo' is not defined
2018-05-05 18:08:43,345 - HourRegistration - INFO - DataBase Connection Closed
2018-05-05 18:13:47,975 - HourRegistration - INFO - DataBase Connection Made
2018-05-05 18:13:47,986 - HourRegistration - ERROR - 'DataBaseConnection' object has no attribute 'cursor'
2018-05-05 18:13:47,988 - HourRegistration - INFO - DataBase Connection Closed
2018-05-05 18:15:17,465 - HourRegistration - INFO - DataBase Connection Made
2018-05-05 18:15:17,474 - HourRegistration - ERROR - 'DataBaseConnection' object has no attribute 'cursor'
2018-05-05 18:15:17,477 - HourRegistration - INFO - DataBase Connection Closed
2018-05-05 18:15:35,633 - HourRegistration - INFO - DataBase Connection Made
2018-05-05 18:15:35,643 - HourRegistration - INFO - DataBase Connection Closed
2018-05-05 18:17:03,051 - HourRegistration - INFO - DataBase Connection Made
2018-05-05 18:17:57,209 - HourRegistration - INFO - DataBase Connection Closed
2018-05-05 18:20:51,783 - HourRegistration - INFO - DataBase Connection Made
2018-05-05 18:21:20,765 - HourRegistration - INFO - DataBase Connection Closed
2018-05-05 21:02:51,671 - HourRegistration - INFO - DataBase Connection Made
2018-05-05 21:02:53,841 - HourRegistration - INFO - DataBase Connection Closed
2018-05-05 21:08:45,505 - HourRegistration - INFO - DataBase Connection Made
2018-05-05 21:25:59,427 - HourRegistration - INFO - DataBase Connection Closed
2018-05-06 10:06:59,609 - HourRegistration - INFO - DataBase Connection Made
2018-05-06 10:06:59,619 - HourRegistration - INFO - DataBase Connection Closed
2018-05-06 10:07:21,992 - HourRegistration - INFO - DataBase Connection Made
2018-05-06 10:07:22,001 - HourRegistration - INFO - DataBase Connection Closed
2018-05-06 10:07:39,603 - HourRegistration - INFO - DataBase Connection Made
2018-05-06 10:08:26,639 - HourRegistration - INFO - DataBase Connection Made
2018-05-06 10:08:53,092 - HourRegistration - INFO - DataBase Connection Made
2018-05-06 10:09:43,783 - HourRegistration - INFO - DataBase Connection Closed
2018-05-08 18:02:30,278 - HourRegistration - INFO - DataBase Connection Made
2018-05-08 18:03:22,467 - HourRegistration - INFO - DataBase Connection Closed
2018-05-10 10:01:57,638 - HourRegistration - INFO - DataBase Connection Made
2018-05-10 11:08:29,230 - HourRegistration - INFO - DataBase Connection Closed
2018-05-10 11:15:40,776 - HourRegistration - INFO - DataBase Connection Made
2018-05-10 11:53:23,797 - HourRegistration - INFO - DataBase Connection Made
2018-05-10 11:53:37,094 - HourRegistration - INFO - DataBase Connection Closed
2018-05-10 11:53:42,705 - HourRegistration - INFO - DataBase Connection Made
2018-05-10 11:53:42,715 - HourRegistration - INFO - DataBase Connection Closed
2018-05-10 11:54:16,093 - HourRegistration - INFO - DataBase Connection Made
2018-05-10 11:55:30,551 - HourRegistration - INFO - DataBase Connection Made
2018-05-10 11:55:30,564 - HourRegistration - INFO - DataBase Connection Closed
2018-05-10 11:55:46,933 - HourRegistration - INFO - DataBase Connection Made
2018-05-10 12:17:18,588 - HourRegistration - INFO - DataBase Connection Made
2018-05-10 12:17:18,601 - HourRegistration - INFO - DataBase Connection Closed
2018-05-10 12:18:16,954 - HourRegistration - INFO - DataBase Connection Made
2018-05-10 12:18:16,968 - HourRegistration - INFO - DataBase Connection Closed
2018-05-10 12:20:31,216 - HourRegistration - INFO - DataBase Connection Made
2018-05-10 12:20:31,228 - HourRegistration - INFO - DataBase Connection Closed
2018-05-10 12:23:08,610 - HourRegistration - INFO - DataBase Connection Made
2018-05-10 12:23:08,620 - HourRegistration - INFO - DataBase Connection Closed
2018-05-10 12:24:40,982 - HourRegistration - INFO - DataBase Connection Made
2018-05-10 12:25:45,710 - HourRegistration - INFO - DataBase Connection Made
2018-05-10 13:00:21,049 - HourRegistration - INFO - DataBase Connection Closed
2018-05-10 13:00:32,815 - HourRegistration - INFO - DataBase Connection Made
2018-05-10 13:00:56,293 - HourRegistration - INFO - DataBase Connection Made
2018-05-10 13:01:24,387 - HourRegistration - INFO - DataBase Connection Made
2018-05-10 13:06:14,997 - HourRegistration - INFO - DataBase Connection Closed
2018-05-10 13:06:14,998 - HourRegistration - INFO - DataBase Connection Closed
2018-05-10 13:06:15,000 - HourRegistration - INFO - DataBase Connection Closed
2018-05-10 13:09:51,417 - HourRegistration - INFO - DataBase Connection Made
2018-05-10 13:10:21,229 - HourRegistration - INFO - DataBase Connection Made
2018-05-10 13:10:21,239 - HourRegistration - INFO - DataBase Connection Closed
2018-05-10 13:10:41,780 - HourRegistration - INFO - DataBase Connection Made
2018-05-10 13:11:29,319 - HourRegistration - INFO - DataBase Connection Made
2018-05-10 13:11:43,950 - HourRegistration - INFO - DataBase Connection Made
2018-05-10 13:13:16,341 - HourRegistration - INFO - DataBase Connection Made
2018-05-10 13:13:16,351 - HourRegistration - INFO - DataBase Connection Closed
2018-05-10 13:14:34,613 - HourRegistration - INFO - DataBase Connection Made
2018-05-10 13:14:34,623 - HourRegistration - INFO - DataBase Connection Closed
2018-05-10 13:14:47,531 - HourRegistration - INFO - DataBase Connection Made
2018-05-10 13:15:04,920 - HourRegistration - INFO - DataBase Connection Made
2018-05-10 13:15:54,704 - HourRegistration - INFO - DataBase Connection Made
2018-05-10 13:17:27,495 - HourRegistration - INFO - DataBase Connection Made
2018-05-10 13:22:52,783 - HourRegistration - INFO - DataBase Connection Closed
2018-05-10 13:22:52,784 - HourRegistration - INFO - DataBase Connection Closed
2018-05-10 13:27:53,742 - HourRegistration - INFO - DataBase Connection Made
2018-05-10 13:28:28,736 - HourRegistration - INFO - DataBase Connection Made
2018-05-10 13:29:11,002 - HourRegistration - INFO - DataBase Connection Closed
2018-05-10 13:29:17,359 - HourRegistration - INFO - DataBase Connection Made
2018-05-10 13:30:01,457 - HourRegistration - INFO - DataBase Connection Made
2018-05-10 13:30:24,673 - HourRegistration - INFO - DataBase Connection Made
2018-05-10 13:31:56,423 - HourRegistration - INFO - DataBase Connection Made
2018-05-10 13:32:38,056 - HourRegistration - INFO - DataBase Connection Made
2018-05-10 13:33:46,227 - HourRegistration - INFO - DataBase Connection Closed
2018-05-10 13:33:46,227 - HourRegistration - INFO - DataBase Connection Closed
2018-05-10 13:33:46,235 - HourRegistration - INFO - DataBase Connection Closed
2018-05-10 13:33:46,236 - HourRegistration - INFO - DataBase Connection Closed
2018-05-10 13:33:53,752 - HourRegistration - INFO - DataBase Connection Made
2018-05-10 13:34:31,202 - HourRegistration - INFO - DataBase Connection Made
2018-05-10 13:35:44,824 - HourRegistration - INFO - DataBase Connection Made
2018-05-10 13:35:44,834 - HourRegistration - INFO - DataBase Connection Closed
2018-05-10 13:37:27,109 - HourRegistration - INFO - DataBase Connection Made
2018-05-10 13:38:04,247 - HourRegistration - INFO - DataBase Connection Made
2018-05-10 13:45:21,628 - HourRegistration - INFO - DataBase Connection Made
2018-05-10 13:45:21,688 - HourRegistration - INFO - DataBase Connection Closed
2018-05-10 13:45:21,692 - HourRegistration - INFO - DataBase Connection Closed
2018-05-10 13:45:29,353 - HourRegistration - INFO - DataBase Connection Made
2018-05-10 13:46:15,184 - HourRegistration - INFO - DataBase Connection Made
2018-05-10 13:47:19,827 - HourRegistration - INFO - DataBase Connection Made
2018-05-10 13:48:21,916 - HourRegistration - INFO - DataBase Connection Made
2018-05-10 13:49:02,417 - HourRegistration - INFO - DataBase Connection Made
2018-05-10 13:49:40,811 - HourRegistration - INFO - DataBase Connection Made
2018-05-10 13:53:47,800 - HourRegistration - INFO - DataBase Connection Made
2018-05-10 13:55:19,598 - HourRegistration - INFO - DataBase Connection Made
2018-05-10 13:55:40,411 - HourRegistration - INFO - DataBase Connection Made
2018-05-10 13:56:50,054 - HourRegistration - INFO - DataBase Connection Made
2018-05-10 14:09:09,578 - HourRegistration - INFO - DataBase Connection Made
2018-05-10 14:09:29,099 - HourRegistration - INFO - DataBase Connection Closed
2018-05-10 14:09:29,103 - HourRegistration - INFO - DataBase Connection Closed
2018-05-10 14:09:34,039 - HourRegistration - INFO - DataBase Connection Made
2018-05-10 14:09:49,930 - HourRegistration - INFO - DataBase Connection Closed
2018-05-10 14:10:04,339 - HourRegistration - INFO - DataBase Connection Made
2018-05-10 14:10:25,105 - HourRegistration - INFO - DataBase Connection Made
2018-05-10 14:48:36,861 - HourRegistration - INFO - DataBase Connection Closed
2018-05-10 14:58:29,181 - HourRegistration - INFO - DataBase Connection Made
2018-05-10 15:09:14,438 - HourRegistration - INFO - DataBase Connection Made
2018-05-10 15:09:14,439 - HourRegistration - INFO - DataBase Connection Closed
2018-05-10 15:10:13,302 - HourRegistration - INFO - DataBase Connection Made
2018-05-10 15:10:13,315 - HourRegistration - INFO - DataBase Connection Closed
2018-05-10 15:11:12,287 - HourRegistration - INFO - DataBase Connection Made
2018-05-10 15:11:12,297 - HourRegistration - INFO - DataBase Connection Closed
2018-05-10 15:12:02,516 - HourRegistration - INFO - DataBase Connection Made
2018-05-10 15:12:26,085 - HourRegistration - INFO - DataBase Connection Made
2018-05-10 15:12:58,970 - HourRegistration - INFO - DataBase Connection Made
2018-05-10 15:14:57,329 - HourRegistration - INFO - DataBase Connection Made
2018-05-10 15:15:16,834 - HourRegistration - INFO - DataBase Connection Made
2018-05-10 15:15:36,704 - HourRegistration - INFO - DataBase Connection Closed
2018-05-10 15:16:03,865 - HourRegistration - INFO - DataBase Connection Made
2018-05-10 15:19:35,849 - HourRegistration - INFO - DataBase Connection Made
2018-05-10 15:20:37,054 - HourRegistration - INFO - DataBase Connection Made
2018-05-10 15:20:46,397 - HourRegistration - INFO - DataBase Connection Closed
2018-05-10 15:20:46,397 - HourRegistration - INFO - DataBase Connection Closed
2018-05-10 15:20:54,740 - HourRegistration - INFO - DataBase Connection Made
2018-05-10 15:21:06,822 - HourRegistration - INFO - DataBase Connection Closed
2018-05-10 15:21:17,074 - HourRegistration - INFO - DataBase Connection Made
2018-05-10 15:22:20,585 - HourRegistration - INFO - DataBase Connection Made
2018-05-10 15:22:20,587 - HourRegistration - INFO - DataBase Connection Closed
2018-05-10 15:22:59,062 - HourRegistration - INFO - DataBase Connection Made
2018-05-10 15:24:41,939 - HourRegistration - INFO - DataBase Connection Made
2018-05-10 15:24:43,700 - HourRegistration - INFO - DataBase Connection Closed
2018-05-10 15:24:43,700 - HourRegistration - INFO - DataBase Connection Closed
2018-05-10 15:24:48,166 - HourRegistration - INFO - DataBase Connection Made
2018-05-10 15:25:12,370 - HourRegistration - INFO - DataBase Connection Made
2018-05-10 15:28:10,140 - HourRegistration - INFO - DataBase Connection Made
2018-05-10 15:28:13,349 - HourRegistration - INFO - DataBase Connection Closed
2018-05-10 15:28:13,353 - HourRegistration - INFO - DataBase Connection Closed
2018-05-10 15:28:18,027 - HourRegistration - INFO - DataBase Connection Made
2018-05-10 15:29:32,293 - HourRegistration - INFO - DataBase Connection Closed
2018-05-10 15:30:25,072 - HourRegistration - INFO - DataBase Connection Made
2018-05-10 15:30:25,083 - HourRegistration - INFO - DataBase Connection Closed
2018-05-10 15:31:39,140 - HourRegistration - INFO - DataBase Connection Made
2018-05-10 15:31:39,150 - HourRegistration - INFO - DataBase Connection Closed
2018-05-10 15:31:59,995 - HourRegistration - INFO - DataBase Connection Made
2018-05-10 15:33:08,570 - HourRegistration - INFO - DataBase Connection Made
2018-05-10 15:35:12,916 - HourRegistration - INFO - DataBase Connection Made
2018-05-10 15:35:16,045 - HourRegistration - INFO - DataBase Connection Closed
2018-05-10 15:35:21,776 - HourRegistration - INFO - DataBase Connection Made
2018-05-10 15:37:03,640 - HourRegistration - INFO - DataBase Connection Made
2018-05-10 15:39:41,221 - HourRegistration - INFO - DataBase Connection Closed
2018-05-10 15:42:55,178 - HourRegistration - INFO - DataBase Connection Made
2018-05-10 15:45:01,064 - HourRegistration - INFO - DataBase Connection Made
2018-05-10 15:45:01,064 - HourRegistration - INFO - DataBase Connection Closed
2018-05-10 15:46:20,327 - HourRegistration - INFO - DataBase Connection Made
2018-05-10 17:00:54,230 - HourRegistration - INFO - DataBase Connection Closed
2018-05-10 17:07:29,750 - HourRegistration - INFO - DataBase Connection Made
2018-05-10 17:08:12,143 - HourRegistration - INFO - DataBase Connection Closed
2018-05-10 17:08:28,758 - HourRegistration - INFO - DataBase Connection Made
2018-05-10 17:09:24,041 - HourRegistration - INFO - DataBase Connection Closed
2018-05-10 17:10:36,740 - HourRegistration - INFO - DataBase Connection Made
2018-05-10 17:14:59,094 - HourRegistration - INFO - DataBase Connection Closed
2018-05-10 18:16:33,704 - HourRegistration - INFO - DataBase Connection Made
2018-05-10 18:18:11,279 - HourRegistration - INFO - DataBase Connection Made
2018-05-10 18:26:00,848 - HourRegistration - INFO - DataBase Connection Made
2018-05-10 18:29:31,724 - HourRegistration - INFO - DataBase Connection Made
2018-05-10 18:29:50,264 - HourRegistration - INFO - DataBase Connection Closed
2018-05-10 18:30:26,391 - HourRegistration - INFO - DataBase Connection Made
2018-05-10 18:37:47,763 - HourRegistration - INFO - DataBase Connection Made
2018-05-10 18:42:25,159 - HourRegistration - INFO - DataBase Connection Made
2018-05-10 18:43:51,089 - HourRegistration - INFO - DataBase Connection Made
2018-05-10 18:44:39,154 - HourRegistration - INFO - DataBase Connection Made
2018-05-10 18:46:12,242 - HourRegistration - INFO - DataBase Connection Closed
2018-05-10 18:46:12,252 - HourRegistration - INFO - DataBase Connection Closed
2018-05-10 18:46:12,252 - HourRegistration - INFO - DataBase Connection Closed
2018-05-10 18:46:12,255 - HourRegistration - INFO - DataBase Connection Closed
2018-05-11 07:36:19,240 - HourRegistration - INFO - DataBase Connection Made
2018-05-11 07:36:47,502 - HourRegistration - INFO - DataBase Connection Closed
2018-05-11 07:37:08,328 - HourRegistration - INFO - DataBase Connection Made
2018-05-11 07:37:56,915 - HourRegistration - INFO - DataBase Connection Closed
2018-05-11 07:38:03,771 - HourRegistration - INFO - DataBase Connection Made
2018-05-11 07:38:31,752 - HourRegistration - INFO - DataBase Connection Made
2018-05-11 07:52:21,886 - HourRegistration - INFO - DataBase Connection Closed
2018-05-11 07:53:19,714 - HourRegistration - INFO - DataBase Connection Made
2018-05-11 07:53:19,714 - HourRegistration - INFO - DataBase Connection Closed
2018-05-11 07:53:37,600 - HourRegistration - INFO - DataBase Connection Made
2018-05-11 07:53:37,600 - HourRegistration - INFO - DataBase Connection Closed
2018-05-11 07:53:51,907 - HourRegistration - INFO - DataBase Connection Made
2018-05-11 07:53:51,927 - HourRegistration - INFO - DataBase Connection Closed
2018-05-11 07:54:05,118 - HourRegistration - INFO - DataBase Connection Made
2018-05-11 07:54:31,546 - HourRegistration - INFO - DataBase Connection Made
2018-05-11 07:57:57,653 - HourRegistration - INFO - DataBase Connection Made
2018-05-11 07:58:20,978 - HourRegistration - INFO - DataBase Connection Made
2018-05-11 08:00:14,151 - HourRegistration - INFO - DataBase Connection Closed
2018-05-11 08:00:22,262 - HourRegistration - INFO - DataBase Connection Made
2018-05-11 08:05:03,931 - HourRegistration - INFO - DataBase Connection Closed
2018-05-11 08:06:46,470 - HourRegistration - INFO - DataBase Connection Made
2018-05-11 08:07:24,291 - HourRegistration - INFO - DataBase Connection Made
2018-05-11 08:07:40,733 - HourRegistration - INFO - DataBase Connection Made
2018-05-11 08:07:40,849 - HourRegistration - INFO - DataBase Connection Closed
2018-05-11 08:12:58,806 - HourRegistration - INFO - DataBase Connection Made
2018-05-11 08:13:27,604 - HourRegistration - INFO - DataBase Connection Made
2018-05-11 08:17:53,328 - HourRegistration - INFO - DataBase Connection Closed
2018-05-11 08:17:53,337 - HourRegistration - INFO - DataBase Connection Closed
2018-05-11 08:26:21,680 - HourRegistration - INFO - DataBase Connection Made
2018-05-11 08:27:25,732 - HourRegistration - INFO - DataBase Connection Made
2018-05-11 08:28:49,984 - HourRegistration - INFO - DataBase Connection Made
2018-05-11 08:30:01,308 - HourRegistration - INFO - DataBase Connection Made
2018-05-11 08:43:05,031 - HourRegistration - INFO - DataBase Connection Made
2018-05-11 08:43:37,239 - HourRegistration - INFO - DataBase Connection Made
2018-05-11 08:47:33,760 - HourRegistration - INFO - DataBase Connection Made
2018-05-11 08:47:33,771 - HourRegistration - INFO - DataBase Connection Closed
2018-05-11 08:52:23,909 - HourRegistration - INFO - DataBase Connection Made
2018-05-11 08:53:29,761 - HourRegistration - INFO - DataBase Connection Made
2018-05-11 08:54:22,597 - HourRegistration - INFO - DataBase Connection Closed
2018-05-11 08:54:22,607 - HourRegistration - INFO - DataBase Connection Closed
2018-05-11 08:54:22,607 - HourRegistration - INFO - DataBase Connection Closed
2018-05-11 08:54:34,799 - HourRegistration - INFO - DataBase Connection Made
2018-05-11 08:55:08,604 - HourRegistration - INFO - DataBase Connection Made
2018-05-11 09:35:54,145 - HourRegistration - INFO - DataBase Connection Made
2018-05-11 09:36:57,393 - HourRegistration - INFO - DataBase Connection Made
2018-05-11 11:42:21,535 - HourRegistration - INFO - DataBase Connection Made
2018-05-11 11:44:43,154 - HourRegistration - INFO - DataBase Connection Closed
2018-05-11 11:44:43,161 - HourRegistration - INFO - DataBase Connection Closed
2018-05-11 11:44:43,167 - HourRegistration - INFO - DataBase Connection Closed
2018-05-11 11:51:00,908 - HourRegistration - INFO - DataBase Connection Made
2018-05-11 11:53:23,161 - HourRegistration - INFO - DataBase Connection Closed
2018-05-11 11:54:09,388 - HourRegistration - INFO - DataBase Connection Made
2018-05-11 11:54:17,327 - HourRegistration - INFO - DataBase Connection Closed
2018-05-12 09:22:59,763 - HourRegistration - INFO - DataBase Connection Made
2018-05-12 09:23:28,566 - HourRegistration - INFO - DataBase Connection Closed
2018-05-12 09:23:36,388 - HourRegistration - INFO - DataBase Connection Made
2018-05-12 09:42:17,987 - HourRegistration - INFO - DataBase Connection Made
2018-05-12 11:07:17,636 - HourRegistration - INFO - DataBase Connection Made
2018-05-12 11:07:19,273 - HourRegistration - INFO - DataBase Connection Closed
2018-05-12 11:07:19,276 - HourRegistration - INFO - DataBase Connection Closed
2018-05-12 11:07:19,276 - HourRegistration - INFO - DataBase Connection Closed
2018-05-12 11:07:25,969 - HourRegistration - INFO - DataBase Connection Made
2018-05-12 11:17:20,002 - HourRegistration - INFO - DataBase Connection Made
2018-05-12 11:18:20,257 - HourRegistration - INFO - DataBase Connection Made
2018-05-12 11:22:09,911 - HourRegistration - INFO - DataBase Connection Closed
2018-05-12 11:22:09,921 - HourRegistration - INFO - DataBase Connection Closed
2018-05-12 13:32:49,823 - HourRegistration - INFO - DataBase Connection Made
2018-05-12 13:33:37,643 - HourRegistration - INFO - DataBase Connection Made
2018-05-12 13:33:37,643 - HourRegistration - INFO - DataBase Connection Closed
2018-05-12 13:35:17,549 - HourRegistration - INFO - DataBase Connection Made
2018-05-12 13:35:17,559 - HourRegistration - INFO - DataBase Connection Closed
2018-05-12 13:37:17,401 - HourRegistration - INFO - DataBase Connection Made
2018-05-12 13:37:17,421 - HourRegistration - INFO - DataBase Connection Closed
2018-05-12 13:37:47,420 - HourRegistration - INFO - DataBase Connection Made
2018-05-12 13:40:26,031 - HourRegistration - INFO - DataBase Connection Made
2018-05-12 13:40:31,044 - HourRegistration - INFO - DataBase Connection Closed
2018-05-12 13:41:18,184 - HourRegistration - INFO - DataBase Connection Made
2018-05-12 13:41:18,193 - HourRegistration - INFO - DataBase Connection Closed
2018-05-12 13:41:38,982 - HourRegistration - INFO - DataBase Connection Made
2018-05-12 13:41:38,992 - HourRegistration - INFO - DataBase Connection Closed
2018-05-12 13:42:14,975 - HourRegistration - INFO - DataBase Connection Made
2018-05-12 13:43:22,928 - HourRegistration - INFO - DataBase Connection Made
2018-05-12 13:45:28,434 - HourRegistration - INFO - DataBase Connection Made
2018-05-12 13:45:28,444 - HourRegistration - INFO - DataBase Connection Closed
2018-05-12 13:46:43,745 - HourRegistration - INFO - DataBase Connection Made
2018-05-12 13:46:43,755 - HourRegistration - INFO - DataBase Connection Closed
2018-05-12 13:48:10,841 - HourRegistration - INFO - DataBase Connection Made
2018-05-12 13:48:10,911 - HourRegistration - INFO - DataBase Connection Closed
2018-05-12 13:48:50,075 - HourRegistration - INFO - DataBase Connection Made
2018-05-12 13:50:34,583 - HourRegistration - INFO - DataBase Connection Made
2018-05-12 13:50:34,592 - HourRegistration - INFO - DataBase Connection Closed
2018-05-12 13:50:49,052 - HourRegistration - INFO - DataBase Connection Made
2018-05-12 13:51:27,712 - HourRegistration - INFO - DataBase Connection Closed
2018-05-12 13:51:50,145 - HourRegistration - INFO - DataBase Connection Made
2018-05-12 13:52:01,878 - HourRegistration - INFO - DataBase Connection Closed
2018-05-12 13:52:01,878 - HourRegistration - INFO - DataBase Connection Closed
2018-05-12 13:52:09,325 - HourRegistration - INFO - DataBase Connection Made
2018-05-12 13:53:13,862 - HourRegistration - INFO - DataBase Connection Made
2018-05-12 14:01:27,294 - HourRegistration - INFO - DataBase Connection Closed
2018-05-12 14:06:00,975 - HourRegistration - INFO - DataBase Connection Made
2018-05-12 14:07:02,865 - HourRegistration - INFO - DataBase Connection Made
2018-05-12 14:07:39,800 - HourRegistration - INFO - DataBase Connection Made
2018-05-12 14:09:15,335 - HourRegistration - INFO - DataBase Connection Made
2018-05-12 14:10:10,936 - HourRegistration - INFO - DataBase Connection Made
2018-05-12 14:10:30,620 - HourRegistration - INFO - DataBase Connection Made
2018-05-12 14:14:54,785 - HourRegistration - INFO - DataBase Connection Closed
2018-05-12 14:14:57,035 - HourRegistration - INFO - DataBase Connection Made
2018-05-12 14:17:39,391 - HourRegistration - INFO - DataBase Connection Closed
2018-05-12 16:35:35,201 - HourRegistration - INFO - DataBase Connection Made
2018-05-12 16:35:46,790 - HourRegistration - INFO - DataBase Connection Closed
2018-05-13 09:41:35,529 - HourRegistration - INFO - DataBase Connection Made
2018-05-13 09:41:35,529 - HourRegistration - INFO - DataBase Connection Closed
2018-05-13 09:42:24,449 - HourRegistration - INFO - DataBase Connection Made
2018-05-13 09:42:24,449 - HourRegistration - INFO - DataBase Connection Closed
2018-05-13 09:42:34,441 - HourRegistration - INFO - DataBase Connection Made
2018-05-13 09:42:34,441 - HourRegistration - INFO - DataBase Connection Closed
2018-05-13 09:44:16,151 - HourRegistration - INFO - DataBase Connection Made
2018-05-13 09:44:22,608 - HourRegistration - INFO - DataBase Connection Closed
2018-05-13 09:44:29,951 - HourRegistration - INFO - DataBase Connection Made
2018-05-13 09:44:35,271 - HourRegistration - INFO - DataBase Connection Closed
2018-05-13 10:00:35,167 - HourRegistration - INFO - DataBase Connection Made
2018-05-13 10:11:56,295 - HourRegistration - INFO - DataBase Connection Made
2018-05-13 10:13:06,185 - HourRegistration - INFO - DataBase Connection Made
2018-05-13 10:16:18,442 - HourRegistration - INFO - DataBase Connection Closed
2018-05-13 10:16:18,847 - HourRegistration - INFO - DataBase Connection Made
2018-05-13 10:44:25,099 - HourRegistration - INFO - DataBase Connection Made
2018-05-13 10:45:06,330 - HourRegistration - INFO - DataBase Connection Made
2018-05-13 10:54:05,270 - HourRegistration - INFO - DataBase Connection Made
2018-05-13 10:57:32,858 - HourRegistration - INFO - DataBase Connection Made
2018-05-13 10:58:58,255 - HourRegistration - INFO - DataBase Connection Made
2018-05-13 10:59:36,776 - HourRegistration - INFO - DataBase Connection Made
2018-05-13 10:59:57,651 - HourRegistration - INFO - DataBase Connection Made
2018-05-13 11:00:33,073 - HourRegistration - INFO - DataBase Connection Made
2018-05-13 11:01:22,455 - HourRegistration - INFO - DataBase Connection Made
2018-05-13 11:04:05,680 - HourRegistration - INFO - DataBase Connection Closed
2018-05-13 11:04:05,681 - HourRegistration - INFO - DataBase Connection Closed
2018-05-13 11:04:05,713 - HourRegistration - INFO - DataBase Connection Closed
2018-05-13 11:12:59,800 - HourRegistration - INFO - DataBase Connection Made
2018-05-13 11:13:56,315 - HourRegistration - INFO - DataBase Connection Made
2018-05-13 11:13:56,385 - HourRegistration - INFO - DataBase Connection Closed
2018-05-13 11:15:23,492 - HourRegistration - INFO - DataBase Connection Made
2018-05-13 11:15:39,585 - HourRegistration - INFO - DataBase Connection Closed
2018-05-13 11:16:46,396 - HourRegistration - INFO - DataBase Connection Made
2018-05-13 11:21:25,225 - HourRegistration - INFO - DataBase Connection Closed
2018-05-13 11:21:41,125 - HourRegistration - INFO - DataBase Connection Made
2018-05-13 11:22:30,993 - HourRegistration - INFO - DataBase Connection Made
2018-05-13 11:24:31,423 - HourRegistration - INFO - DataBase Connection Made
2018-05-13 11:24:48,031 - HourRegistration - INFO - DataBase Connection Closed
2018-05-13 11:24:53,167 - HourRegistration - INFO - DataBase Connection Made
2018-05-13 11:25:24,465 - HourRegistration - INFO - DataBase Connection Made
2018-05-13 11:25:58,676 - HourRegistration - INFO - DataBase Connection Made
2018-05-13 11:26:02,622 - HourRegistration - INFO - DataBase Connection Closed
2018-05-13 11:26:26,461 - HourRegistration - INFO - DataBase Connection Made
2018-05-13 11:35:02,886 - HourRegistration - INFO - DataBase Connection Closed
2018-05-13 11:43:35,696 - HourRegistration - INFO - DataBase Connection Made
2018-05-13 11:43:35,697 - HourRegistration - INFO - DataBase Connection Closed
2018-05-13 11:43:47,814 - HourRegistration - INFO - DataBase Connection Made
2018-05-13 11:43:47,815 - HourRegistration - INFO - DataBase Connection Closed
2018-05-13 11:44:04,611 - HourRegistration - INFO - DataBase Connection Made
2018-05-13 11:47:24,736 - HourRegistration - INFO - DataBase Connection Closed
2018-05-13 13:09:49,179 - HourRegistration - INFO - DataBase Connection Made
2018-05-13 13:12:25,041 - HourRegistration - INFO - DataBase Connection Made
2018-05-13 13:13:56,888 - HourRegistration - INFO - DataBase Connection Made
2018-05-13 13:14:45,556 - HourRegistration - INFO - DataBase Connection Made
2018-05-13 13:15:36,606 - HourRegistration - INFO - DataBase Connection Made
2018-05-13 13:16:06,326 - HourRegistration - INFO - DataBase Connection Made
2018-05-13 13:19:17,851 - HourRegistration - INFO - DataBase Connection Closed
2018-05-13 13:19:17,851 - HourRegistration - INFO - DataBase Connection Closed
2018-05-13 13:19:17,857 - HourRegistration - INFO - DataBase Connection Closed
2018-05-13 13:19:18,151 - HourRegistration - INFO - DataBase Connection Made
2018-05-13 13:19:55,328 - HourRegistration - INFO - DataBase Connection Made
2018-05-13 13:20:36,232 - HourRegistration - INFO - DataBase Connection Made
2018-05-13 13:21:04,977 - HourRegistration - INFO - DataBase Connection Made
2018-05-13 13:21:54,851 - HourRegistration - INFO - DataBase Connection Made
2018-05-13 13:22:34,776 - HourRegistration - INFO - DataBase Connection Closed
2018-05-13 13:22:34,776 - HourRegistration - INFO - DataBase Connection Closed
2018-05-13 13:22:34,776 - HourRegistration - INFO - DataBase Connection Closed
2018-05-13 13:22:34,779 - HourRegistration - INFO - DataBase Connection Closed
2018-05-13 13:22:40,450 - HourRegistration - INFO - DataBase Connection Made
2018-05-13 13:22:47,854 - HourRegistration - INFO - DataBase Connection Made
2018-05-13 13:22:51,700 - HourRegistration - INFO - DataBase Connection Made
2018-05-13 13:22:56,363 - HourRegistration - INFO - DataBase Connection Made
2018-05-13 13:23:25,415 - HourRegistration - INFO - DataBase Connection Made
2018-05-13 13:23:46,487 - HourRegistration - INFO - DataBase Connection Made
2018-05-13 13:24:19,083 - HourRegistration - INFO - DataBase Connection Made
2018-05-13 13:25:27,422 - HourRegistration - INFO - DataBase Connection Made
2018-05-13 13:25:51,054 - HourRegistration - INFO - DataBase Connection Made
2018-05-13 13:26:19,641 - HourRegistration - INFO - DataBase Connection Made
2018-05-13 13:26:27,424 - HourRegistration - INFO - DataBase Connection Made
2018-05-13 13:27:55,779 - HourRegistration - INFO - DataBase Connection Made
2018-05-13 13:28:08,112 - HourRegistration - INFO - DataBase Connection Made
2018-05-13 13:28:19,203 - HourRegistration - INFO - DataBase Connection Made
2018-05-13 13:28:44,296 - HourRegistration - INFO - DataBase Connection Closed
2018-05-13 13:29:15,376 - HourRegistration - INFO - DataBase Connection Made
2018-05-13 13:30:24,092 - HourRegistration - INFO - DataBase Connection Made
2018-05-13 13:32:38,784 - HourRegistration - INFO - DataBase Connection Made
2018-05-13 13:36:08,440 - HourRegistration - INFO - DataBase Connection Made
2018-05-13 13:36:36,014 - HourRegistration - INFO - DataBase Connection Made
2018-05-13 13:40:57,384 - HourRegistration - INFO - DataBase Connection Made
2018-05-13 13:45:44,467 - HourRegistration - INFO - DataBase Connection Made
2018-05-13 13:47:32,723 - HourRegistration - INFO - DataBase Connection Made
2018-05-13 13:48:46,936 - HourRegistration - INFO - DataBase Connection Made
2018-05-13 14:00:27,185 - HourRegistration - INFO - DataBase Connection Made
2018-05-13 14:01:01,775 - HourRegistration - INFO - DataBase Connection Closed
2018-05-13 14:01:19,332 - HourRegistration - INFO - DataBase Connection Made
2018-05-13 14:02:18,344 - HourRegistration - INFO - DataBase Connection Closed
2018-05-13 14:02:19,206 - HourRegistration - INFO - DataBase Connection Made
2018-05-13 14:03:34,812 - HourRegistration - INFO - DataBase Connection Made
2018-05-13 14:04:24,398 - HourRegistration - INFO - DataBase Connection Made
2018-05-13 14:05:39,632 - HourRegistration - INFO - DataBase Connection Made
2018-05-13 14:06:02,309 - HourRegistration - INFO - DataBase Connection Closed
2018-05-13 14:06:02,312 - HourRegistration - INFO - DataBase Connection Closed
2018-05-13 14:06:27,355 - HourRegistration - INFO - DataBase Connection Made
2018-05-13 14:06:45,811 - HourRegistration - INFO - DataBase Connection Closed
2018-05-13 14:06:57,579 - HourRegistration - INFO - DataBase Connection Made
2018-05-13 14:07:14,046 - HourRegistration - INFO - DataBase Connection Closed
2018-05-13 14:08:46,900 - HourRegistration - INFO - DataBase Connection Made
2018-05-13 14:09:38,166 - HourRegistration - INFO - DataBase Connection Closed
2018-05-13 14:10:01,839 - HourRegistration - INFO - DataBase Connection Made
2018-05-13 14:15:13,108 - HourRegistration - INFO - DataBase Connection Made
2018-05-13 14:16:25,551 - HourRegistration - INFO - DataBase Connection Made
2018-05-13 14:17:06,945 - HourRegistration - INFO - DataBase Connection Made
2018-05-13 14:18:52,262 - HourRegistration - INFO - DataBase Connection Made
2018-05-13 14:19:02,992 - HourRegistration - INFO - DataBase Connection Made
2018-05-13 14:19:38,787 - HourRegistration - INFO - DataBase Connection Made
2018-05-13 14:20:38,115 - HourRegistration - INFO - DataBase Connection Made
2018-05-13 14:21:01,806 - HourRegistration - INFO - DataBase Connection Made
2018-05-13 14:21:42,769 - HourRegistration - INFO - DataBase Connection Made
2018-05-13 14:22:59,598 - HourRegistration - INFO - DataBase Connection Made
2018-05-13 14:34:06,667 - HourRegistration - INFO - DataBase Connection Made
2018-05-13 14:34:14,067 - HourRegistration - INFO - DataBase Connection Made
2018-05-13 14:34:41,892 - HourRegistration - INFO - DataBase Connection Closed
2018-05-13 14:34:53,703 - HourRegistration - INFO - DataBase Connection Made
2018-05-13 14:35:44,107 - HourRegistration - INFO - DataBase Connection Made
2018-05-13 14:39:37,640 - HourRegistration - INFO - DataBase Connection Made
2018-05-13 14:42:13,991 - HourRegistration - INFO - DataBase Connection Closed
2018-05-13 14:42:22,860 - HourRegistration - INFO - DataBase Connection Made
2018-05-13 16:14:13,875 - HourRegistration - INFO - DataBase Connection Made
2018-05-13 16:15:11,995 - HourRegistration - INFO - DataBase Connection Made
2018-05-13 16:15:51,920 - HourRegistration - INFO - DataBase Connection Made
2018-05-13 16:16:20,680 - HourRegistration - INFO - DataBase Connection Made
2018-05-13 16:17:20,784 - HourRegistration - INFO - DataBase Connection Closed
2018-05-13 16:17:21,654 - HourRegistration - INFO - DataBase Connection Made
2018-05-13 16:18:04,809 - HourRegistration - INFO - DataBase Connection Made
2018-05-13 16:19:32,996 - HourRegistration - INFO - DataBase Connection Made
2018-05-13 16:20:00,751 - HourRegistration - INFO - DataBase Connection Made
2018-05-13 16:21:30,566 - HourRegistration - INFO - DataBase Connection Made
2018-05-13 16:21:30,590 - HourRegistration - INFO - DataBase Connection Closed
2018-05-13 16:21:47,603 - HourRegistration - INFO - DataBase Connection Closed
2018-05-13 16:21:48,137 - HourRegistration - INFO - DataBase Connection Made
2018-05-13 16:22:21,678 - HourRegistration - INFO - DataBase Connection Closed
2018-05-13 16:22:22,339 - HourRegistration - INFO - DataBase Connection Made
2018-05-13 16:22:50,319 - HourRegistration - INFO - DataBase Connection Closed
2018-05-13 18:57:14,982 - HourRegistration - INFO - DataBase Connection Made
2018-05-13 18:58:22,466 - HourRegistration - INFO - DataBase Connection Closed
2018-05-13 18:58:24,768 - HourRegistration - INFO - DataBase Connection Made
2018-05-13 18:58:25,812 - HourRegistration - INFO - DataBase Connection Closed
2018-05-13 18:59:22,579 - HourRegistration - INFO - DataBase Connection Made
2018-05-13 18:59:23,455 - HourRegistration - INFO - DataBase Connection Closed
2018-05-13 18:59:53,538 - HourRegistration - INFO - DataBase Connection Made
2018-05-13 19:00:21,600 - HourRegistration - INFO - DataBase Connection Closed
2018-05-13 19:00:53,700 - HourRegistration - INFO - DataBase Connection Made
2018-05-13 19:01:36,267 - HourRegistration - INFO - DataBase Connection Closed
2018-05-13 19:02:09,521 - HourRegistration - INFO - DataBase Connection Made
2018-05-13 19:07:21,875 - HourRegistration - INFO - DataBase Connection Closed
2018-05-13 21:41:14,734 - HourRegistration - INFO - DataBase Connection Made
2018-05-13 21:45:57,809 - HourRegistration - INFO - DataBase Connection Made
2018-05-13 21:46:49,851 - HourRegistration - INFO - DataBase Connection Made
2018-05-13 21:47:46,796 - HourRegistration - INFO - DataBase Connection Made
2018-05-13 21:51:40,691 - HourRegistration - INFO - DataBase Connection Closed
2018-05-13 21:51:41,931 - HourRegistration - INFO - DataBase Connection Made
2018-05-13 21:53:37,361 - HourRegistration - INFO - DataBase Connection Made
2018-05-13 21:53:38,636 - HourRegistration - INFO - DataBase Connection Closed
2018-05-13 21:54:19,401 - HourRegistration - INFO - DataBase Connection Made
2018-05-13 21:55:27,230 - HourRegistration - INFO - DataBase Connection Made
2018-05-13 21:57:06,462 - HourRegistration - INFO - DataBase Connection Made
2018-05-13 21:57:39,058 - HourRegistration - INFO - DataBase Connection Made
2018-05-13 21:58:30,092 - HourRegistration - INFO - DataBase Connection Made
2018-05-13 22:01:36,273 - HourRegistration - INFO - DataBase Connection Closed
2018-05-13 22:48:12,382 - HourRegistration - INFO - DataBase Connection Made
2018-05-13 22:50:59,264 - HourRegistration - INFO - DataBase Connection Made
2018-05-13 22:51:01,489 - HourRegistration - INFO - DataBase Connection Closed
2018-05-13 22:51:25,750 - HourRegistration - INFO - DataBase Connection Made
2018-05-13 22:51:42,619 - HourRegistration - INFO - DataBase Connection Closed
2018-05-13 22:51:51,967 - HourRegistration - INFO - DataBase Connection Made
2018-05-13 22:53:44,329 - HourRegistration - INFO - DataBase Connection Closed
2018-05-13 22:54:51,959 - HourRegistration - INFO - DataBase Connection Made
2018-05-13 22:58:28,693 - HourRegistration - INFO - DataBase Connection Closed
2018-05-14 08:13:28,543 - HourRegistration - INFO - DataBase Connection Made
2018-05-14 08:13:29,230 - HourRegistration - INFO - DataBase Connection Closed
2018-05-14 08:14:17,061 - HourRegistration - INFO - DataBase Connection Made
2018-05-14 08:14:17,760 - HourRegistration - INFO - DataBase Connection Closed
2018-05-14 08:15:38,493 - HourRegistration - INFO - DataBase Connection Made
2018-05-14 08:20:20,070 - HourRegistration - INFO - DataBase Connection Closed
2018-05-14 08:20:53,984 - HourRegistration - INFO - DataBase Connection Made
2018-05-14 08:21:06,595 - HourRegistration - INFO - DataBase Connection Closed
2018-05-14 08:21:15,217 - HourRegistration - INFO - DataBase Connection Made
2018-05-14 08:22:17,855 - HourRegistration - INFO - DataBase Connection Closed
2018-05-14 08:22:26,549 - HourRegistration - INFO - DataBase Connection Made
2018-05-14 08:30:47,522 - HourRegistration - INFO - DataBase Connection Closed
2018-05-14 08:30:57,791 - HourRegistration - INFO - DataBase Connection Made
2018-05-14 08:55:46,722 - HourRegistration - INFO - DataBase Connection Closed
2018-05-14 08:55:59,566 - HourRegistration - INFO - DataBase Connection Made
2018-05-14 09:14:20,292 - HourRegistration - INFO - DataBase Connection Closed
2018-05-14 09:14:27,125 - HourRegistration - INFO - DataBase Connection Made
2018-05-14 11:00:49,014 - HourRegistration - INFO - DataBase Connection Closed
2018-05-14 11:02:49,143 - HourRegistration - INFO - DataBase Connection Made
2018-05-14 11:03:01,706 - HourRegistration - INFO - DataBase Connection Closed
2018-05-14 11:03:13,316 - HourRegistration - INFO - DataBase Connection Made
2018-05-14 11:03:59,735 - HourRegistration - INFO - DataBase Connection Closed
2018-05-14 11:04:07,035 - HourRegistration - INFO - DataBase Connection Made
2018-05-14 13:02:47,480 - HourRegistration - INFO - DataBase Connection Closed
2018-05-14 13:03:00,246 - HourRegistration - INFO - DataBase Connection Made
2018-05-14 16:56:50,415 - HourRegistration - INFO - DataBase Connection Closed
2018-05-14 19:50:11,822 - HourRegistration - INFO - DataBase Connection Made
2018-05-14 20:08:04,240 - HourRegistration - INFO - DataBase Connection Closed
2018-05-14 20:34:51,732 - HourRegistration - INFO - DataBase Connection Made
2018-05-14 20:34:53,081 - HourRegistration - INFO - DataBase Connection Closed
2018-05-14 20:34:58,254 - HourRegistration - INFO - DataBase Connection Made
2018-05-14 20:34:59,514 - HourRegistration - INFO - DataBase Connection Closed
2018-05-14 20:35:46,526 - HourRegistration - INFO - DataBase Connection Made
2018-05-14 20:35:47,816 - HourRegistration - INFO - DataBase Connection Closed
2018-05-15 08:14:11,862 - HourRegistration - INFO - DataBase Connection Made
2018-05-15 08:15:18,190 - HourRegistration - INFO - DataBase Connection Closed
2018-05-15 08:25:08,597 - HourRegistration - INFO - DataBase Connection Made
2018-05-15 08:29:30,460 - HourRegistration - INFO - DataBase Connection Closed
2018-05-15 08:29:45,409 - HourRegistration - INFO - DataBase Connection Made
2018-05-15 08:31:03,772 - HourRegistration - INFO - DataBase Connection Closed
2018-05-15 08:31:17,363 - HourRegistration - INFO - DataBase Connection Made
2018-05-15 15:21:29,896 - HourRegistration - INFO - DataBase Connection Made
2018-05-15 16:20:15,615 - HourRegistration - INFO - DataBase Connection Closed
2018-05-24 08:08:13,313 - HourRegistration - INFO - DataBase Connection Made
2018-05-24 08:22:23,646 - HourRegistration - INFO - DataBase Connection Closed
2018-05-24 08:22:31,304 - HourRegistration - INFO - DataBase Connection Made
2018-05-25 10:19:38,618 - HourRegistration - INFO - DataBase Connection Made
2018-05-25 11:57:22,908 - HourRegistration - INFO - DataBase Connection Closed
2018-05-25 11:57:29,583 - HourRegistration - INFO - DataBase Connection Made
2018-05-25 12:56:41,545 - HourRegistration - INFO - DataBase Connection Closed
2018-05-25 12:56:52,729 - HourRegistration - INFO - DataBase Connection Made
2018-05-25 17:37:53,675 - HourRegistration - INFO - DataBase Connection Closed
2018-05-25 20:47:30,168 - HourRegistration - INFO - DataBase Connection Made
2018-05-25 20:47:32,432 - HourRegistration - INFO - DataBase Connection Closed
2018-05-25 20:47:37,296 - HourRegistration - INFO - DataBase Connection Made
2018-05-25 20:47:38,957 - HourRegistration - INFO - DataBase Connection Closed
2018-05-25 20:47:44,561 - HourRegistration - INFO - DataBase Connection Made
2018-05-25 20:47:46,294 - HourRegistration - INFO - DataBase Connection Closed
2018-05-25 20:48:00,822 - HourRegistration - INFO - DataBase Connection Made
2018-05-25 20:48:02,567 - HourRegistration - INFO - DataBase Connection Closed
2018-05-25 20:48:26,656 - HourRegistration - INFO - DataBase Connection Made
2018-05-25 20:48:50,911 - HourRegistration - INFO - DataBase Connection Closed
2018-05-25 21:03:07,944 - HourRegistration - INFO - DataBase Connection Made
2018-05-25 21:03:43,782 - HourRegistration - INFO - DataBase Connection Closed
2018-05-25 21:03:50,496 - HourRegistration - INFO - DataBase Connection Made
2018-05-25 21:04:08,097 - HourRegistration - INFO - DataBase Connection Closed
2018-05-25 21:05:50,630 - HourRegistration - INFO - DataBase Connection Made
2018-05-25 21:08:42,154 - HourRegistration - INFO - DataBase Connection Made
2018-05-25 21:11:16,801 - HourRegistration - INFO - DataBase Connection Closed
2018-05-25 21:11:43,200 - HourRegistration - INFO - DataBase Connection Made
2018-05-25 21:17:02,948 - HourRegistration - INFO - DataBase Connection Made
2018-05-25 21:17:41,935 - HourRegistration - INFO - DataBase Connection Made
2018-05-25 21:21:59,312 - HourRegistration - INFO - DataBase Connection Made
2018-05-25 21:22:03,881 - HourRegistration - INFO - DataBase Connection Closed
2018-05-25 21:22:20,244 - HourRegistration - INFO - DataBase Connection Made
2018-05-25 21:22:24,478 - HourRegistration - INFO - DataBase Connection Closed
2018-05-25 21:22:52,299 - HourRegistration - INFO - DataBase Connection Made
2018-05-25 21:22:56,641 - HourRegistration - INFO - DataBase Connection Closed
2018-05-25 21:27:02,868 - HourRegistration - INFO - DataBase Connection Made
2018-05-25 21:27:07,360 - HourRegistration - INFO - DataBase Connection Closed
2018-05-25 21:28:00,918 - HourRegistration - INFO - DataBase Connection Made
2018-05-25 21:31:26,665 - HourRegistration - INFO - DataBase Connection Made
2018-05-25 21:31:31,128 - HourRegistration - INFO - DataBase Connection Closed
2018-05-25 21:31:58,207 - HourRegistration - INFO - DataBase Connection Made
2018-05-25 21:32:50,717 - HourRegistration - INFO - DataBase Connection Closed
2018-05-25 21:33:31,846 - HourRegistration - INFO - DataBase Connection Made
2018-05-25 21:35:07,713 - HourRegistration - INFO - DataBase Connection Closed
2018-05-25 21:35:08,553 - HourRegistration - INFO - DataBase Connection Closed
2018-05-25 21:35:15,265 - HourRegistration - INFO - DataBase Connection Made
2018-05-25 21:36:54,547 - HourRegistration - INFO - DataBase Connection Made
2018-05-25 21:38:59,108 - HourRegistration - INFO - DataBase Connection Made
2018-05-25 21:38:59,832 - HourRegistration - INFO - DataBase Connection Closed
2018-05-25 21:39:58,609 - HourRegistration - INFO - DataBase Connection Made
2018-05-25 21:40:25,491 - HourRegistration - INFO - DataBase Connection Closed
